<?xml version="1.0" encoding="UTF-8" ?>
<testsuite tests="1" failures="0" name="com.cgi.netbanking.AppTest" time="0.049" errors="0" skipped="0">
  <properties>
    <property name="java.runtime.name" value="Java(TM) SE Runtime Environment"/>
    <property name="sun.boot.library.path" value="C:\Program Files\Java\jdk1.8.0_91\jre\bin"/>
    <property name="java.vm.version" value="25.91-b15"/>
    <property name="java.vm.vendor" value="Oracle Corporation"/>
    <property name="java.vendor.url" value="http://java.oracle.com/"/>
    <property name="path.separator" value=";"/>
    <property name="java.vm.name" value="Java HotSpot(TM) 64-Bit Server VM"/>
    <property name="file.encoding.pkg" value="sun.io"/>
    <property name="user.script" value=""/>
    <property name="user.country" value="IN"/>
    <property name="sun.java.launcher" value="SUN_STANDARD"/>
    <property name="sun.os.patch.level" value=""/>
    <property name="java.vm.specification.name" value="Java Virtual Machine Specification"/>
    <property name="user.dir" value="F:\CGIMaven\SampleProjects\HSBCProject"/>
    <property name="java.runtime.version" value="1.8.0_91-b15"/>
    <property name="java.awt.graphicsenv" value="sun.awt.Win32GraphicsEnvironment"/>
    <property name="basedir" value="F:\CGIMaven\SampleProjects\HSBCProject"/>
    <property name="java.endorsed.dirs" value="C:\Program Files\Java\jdk1.8.0_91\jre\lib\endorsed"/>
    <property name="os.arch" value="amd64"/>
    <property name="surefire.real.class.path" value="F:\CGIMaven\SampleProjects\HSBCProject\target\surefire\surefirebooter9026222880623277252.jar"/>
    <property name="java.io.tmpdir" value="C:\Users\BALASU~1\AppData\Local\Temp\"/>
    <property name="line.separator" value="
"/>
    <property name="java.vm.specification.vendor" value="Oracle Corporation"/>
    <property name="user.variant" value=""/>
    <property name="os.name" value="Windows 10"/>
    <property name="sun.jnu.encoding" value="Cp1252"/>
    <property name="java.library.path" value="C:\Program Files\Java\jdk1.8.0_91\jre\bin;C:\WINDOWS\Sun\Java\bin;C:\WINDOWS\system32;C:\WINDOWS;C:/Program Files/Java/jre1.8.0_131/bin/server;C:/Program Files/Java/jre1.8.0_131/bin;C:/Program Files/Java/jre1.8.0_131/lib/amd64;C:\MMSAutomation\versions\bin;C:\Program Files (x86)\JavaFX\javafx-sdk1.3\bin;C:\Program Files (x86)\JavaFX\javafx-sdk1.3\emulator\bin;C:\Program Files (x86)\HP\NV\lib\shunra\vcat;C:\ProgramData\Oracle\Java\javapath;C:\oraclexe\app\oracle\product\11.2.0\server\bin;C:\Perl\site\bin;C:\Perl\bin;C:\Program Files\PHP\v5.3;C:\Program Files (x86)\iis express\PHP\v5.3;c:\Program Files (x86)\Intel\iCLS Client\;c:\Program Files\Intel\iCLS Client\;C:\Windows\system32;C:\Windows;C:\Windows\System32\Wbem;C:\Windows\System32\WindowsPowerShell\v1.0\;c:\Program Files (x86)\ATI Technologies\ATI.ACE\Core-Static;C:\Program Files (x86)\Windows Live\Shared;C:\Program Files (x86)\Microsoft ASP.NET\ASP.NET Web Pages\v1.0\;C:\Python34;C:\Python34\Scripts;C:\Windows\twain_32\CNQL25;C:\Program Files (;C:\Program Files\Java\jdk1.7.0_51\bin;c:\play;C:\play\activator-1.2.10-minimal;C:\Program Files\Microsoft Network Monitor 3\;C:\Program Files (x86)\Embarcadero\HTML5 Builder\6.0\apache-ant-1.8.2\bin;C:\Program Files (x86)\Windows Kits\8.1\Windows Performance Toolkit\;C:\Program Files (x86)\Microsoft SDKs\TypeScript\1.0\;C:\Program Files\Android\Android Studio;C:\Users\BALASUBRAMANIAM\android-sdks\tools;C:\Program Files\Microsoft\Web Platform Installer\;E:\software\apache-maven-3.2.5-bin\apache-maven-3.2.5\bin;C:\Program Files\TortoiseSVN\bin;C:\Program Files (x86)\Git\cmd;C:\Program Files\Intel\Intel(R) Management Engine Components\DAL;C:\Program Files\Intel\Intel(R) Management Engine Components\IPT;C:\Program Files (x86)\Intel\Intel(R) Management Engine Components\DAL;C:\Program Files (x86)\Intel\Intel(R) Management Engine Components\IPT;C:\WINDOWS\system32;C:\WINDOWS;C:\WINDOWS\System32\Wbem;C:\WINDOWS\System32\WindowsPowerShell\v1.0\;C:\Program Files\ibm\gsk8\lib64;C:\Program Files (x86)\ibm\gsk8\lib;C:\Program Files (x86)\GtkSharp\2.12\bin;C:\Program Files\cURL\bin;C:\Program Files (x86)\Microsoft SQL Server\130\Tools\Binn\;C:\Program Files (x86)\Microsoft SQL Server\130\DTS\Binn\;C:\Program Files (x86)\Microsoft SQL Server\Client SDK\ODBC\130\Tools\Binn\;C:\Program Files (x86)\Microsoft SQL Server\130\Tools\Binn\ManagementStudio\;C:\Program Files (x86)\HP\NV\lib\thirdparty\safenet\LDK\7.0;C:\Program Files (x86)\HP\NV\lib\shunra\snv;C:\Program Files\Microsoft SQL Server\Client SDK\ODBC\130\Tools\Binn\;C:\Program Files\Microsoft OLE DB Provider for DB2\system;F:\Program Files (x86)\scala\bin;F:\Program Files (x86)\Brackets\command;C:\Program Files (x86)\Skype\Phone\;C:\Program Files\Microsoft SQL Server\130\Tools\Binn\;C:\Program Files\Microsoft SQL Server\130\DTS\Binn\;C:\Program Files\Git\cmd;C:\Program Files\nodejs\;C:\Users\BALASUBRAMANIAM\bin\Sencha\Cm.;C:\Users\BALASUBRAMANIAM\.dnx\runtimes\dnx-clr-win-x86.1.0.0-beta5\bin;C:\Users\BALASUBRAMANIAM\.dnx\bin;C:\Ruby21\bin;C:\Users\BALASUBRAMANIAM\.lein\bin;C:\Users\BALASUBRAMANIAM\AppData\Local\Microsoft\WindowsAppmd\6.2.1.29;C:\Program Files (x86)\Microsoft VS Code\bin;E:\software\grails-3.2.4\grails-3.2.4\bin;E:\software\apache-groovy-sdk-2.4.8\groovy-2.4.8\bin;F:\SpringRoo\spring-roo-1.3.2.RELEASE\spring-roo-1.3.2.RELEASE\bin;C:\Program Files (x86)\MySQL\MySQL Server 5.5\bin;E:\software\elasticsearch-5.1.1\elasticsearch-5.1.1\bin;F:\Program Files\Docker Toolbox;C:\Users\BALASUBRAMANIAM\AppData\Roaming\npm;F:\Nodejs_ANZ\instantclient;;F:\EclipseNeon\eclipse-jee-neon-1a-win32-x86_64\eclipse;;."/>
    <property name="surefire.test.class.path" value="F:\CGIMaven\SampleProjects\HSBCProject\target\test-classes;F:\CGIMaven\SampleProjects\HSBCProject\target\classes;C:\Users\BALASUBRAMANIAM\.m2\repository\junit\junit\4.12\junit-4.12.jar;C:\Users\BALASUBRAMANIAM\.m2\repository\org\hamcrest\hamcrest-core\1.3\hamcrest-core-1.3.jar;"/>
    <property name="java.specification.name" value="Java Platform API Specification"/>
    <property name="java.class.version" value="52.0"/>
    <property name="sun.management.compiler" value="HotSpot 64-Bit Tiered Compilers"/>
    <property name="os.version" value="10.0"/>
    <property name="user.home" value="C:\Users\BALASUBRAMANIAM"/>
    <property name="user.timezone" value=""/>
    <property name="java.awt.printerjob" value="sun.awt.windows.WPrinterJob"/>
    <property name="java.specification.version" value="1.8"/>
    <property name="file.encoding" value="Cp1252"/>
    <property name="user.name" value="BALASUBRAMANIAM"/>
    <property name="java.class.path" value="F:\CGIMaven\SampleProjects\HSBCProject\target\test-classes;F:\CGIMaven\SampleProjects\HSBCProject\target\classes;C:\Users\BALASUBRAMANIAM\.m2\repository\junit\junit\4.12\junit-4.12.jar;C:\Users\BALASUBRAMANIAM\.m2\repository\org\hamcrest\hamcrest-core\1.3\hamcrest-core-1.3.jar;"/>
    <property name="java.vm.specification.version" value="1.8"/>
    <property name="sun.arch.data.model" value="64"/>
    <property name="java.home" value="C:\Program Files\Java\jdk1.8.0_91\jre"/>
    <property name="sun.java.command" value="F:\CGIMaven\SampleProjects\HSBCProject\target\surefire\surefirebooter9026222880623277252.jar F:\CGIMaven\SampleProjects\HSBCProject\target\surefire\surefire8763074096763805502tmp F:\CGIMaven\SampleProjects\HSBCProject\target\surefire\surefire7667934782165920031tmp"/>
    <property name="java.specification.vendor" value="Oracle Corporation"/>
    <property name="user.language" value="en"/>
    <property name="awt.toolkit" value="sun.awt.windows.WToolkit"/>
    <property name="java.vm.info" value="mixed mode"/>
    <property name="java.version" value="1.8.0_91"/>
    <property name="java.ext.dirs" value="C:\Program Files\Java\jdk1.8.0_91\jre\lib\ext;C:\WINDOWS\Sun\Java\lib\ext"/>
    <property name="sun.boot.class.path" value="C:\Program Files\Java\jdk1.8.0_91\jre\lib\resources.jar;C:\Program Files\Java\jdk1.8.0_91\jre\lib\rt.jar;C:\Program Files\Java\jdk1.8.0_91\jre\lib\sunrsasign.jar;C:\Program Files\Java\jdk1.8.0_91\jre\lib\jsse.jar;C:\Program Files\Java\jdk1.8.0_91\jre\lib\jce.jar;C:\Program Files\Java\jdk1.8.0_91\jre\lib\charsets.jar;C:\Program Files\Java\jdk1.8.0_91\jre\lib\jfr.jar;C:\Program Files\Java\jdk1.8.0_91\jre\classes"/>
    <property name="java.vendor" value="Oracle Corporation"/>
    <property name="localRepository" value="C:\Users\BALASUBRAMANIAM\.m2\repository"/>
    <property name="file.separator" value="\"/>
    <property name="java.vendor.url.bug" value="http://bugreport.sun.com/bugreport/"/>
    <property name="sun.cpu.endian" value="little"/>
    <property name="sun.io.unicode.encoding" value="UnicodeLittle"/>
    <property name="sun.desktop" value="windows"/>
    <property name="sun.cpu.isalist" value="amd64"/>
  </properties>
  <testcase classname="com.cgi.netbanking.AppTest" name="testApp" time="0.001"/>
</testsuite>